[07-Dec-2016 08:34:42 UTC] PHP Fatal error:  Call to undefined method Usuario::comEmail() in /home/ubuntu/workspace/php_functions/registrar.php on line 19
[07-Dec-2016 08:34:42 UTC] PHP Stack trace:
[07-Dec-2016 08:34:42 UTC] PHP   1. {main}() /home/ubuntu/workspace/php_functions/registrar.php:0
[07-Dec-2016 08:37:08 UTC] PHP Fatal error:  Call to undefined method Usuario::comEmail() in /home/ubuntu/workspace/php_functions/registrar.php on line 19
[07-Dec-2016 08:37:08 UTC] PHP Stack trace:
[07-Dec-2016 08:37:08 UTC] PHP   1. {main}() /home/ubuntu/workspace/php_functions/registrar.php:0
[12-Dec-2016 11:13:41 UTC] PHP Warning:  include(config/connect.php): failed to open stream: No such file or directory in /home/ubuntu/workspace/controllers/Usuario.php on line 2
[12-Dec-2016 11:13:41 UTC] PHP Stack trace:
[12-Dec-2016 11:13:41 UTC] PHP   1. {main}() /home/ubuntu/workspace/controllers/Usuario.php:0
[12-Dec-2016 11:13:41 UTC] PHP Warning:  include(): Failed opening 'config/connect.php' for inclusion (include_path='.:/usr/share/php:/usr/share/pear') in /home/ubuntu/workspace/controllers/Usuario.php on line 2
[12-Dec-2016 11:13:41 UTC] PHP Stack trace:
[12-Dec-2016 11:13:41 UTC] PHP   1. {main}() /home/ubuntu/workspace/controllers/Usuario.php:0
[12-Dec-2016 11:13:41 UTC] PHP Warning:  include(models/Usuario.php): failed to open stream: No such file or directory in /home/ubuntu/workspace/controllers/Usuario.php on line 3
[12-Dec-2016 11:13:41 UTC] PHP Stack trace:
[12-Dec-2016 11:13:41 UTC] PHP   1. {main}() /home/ubuntu/workspace/controllers/Usuario.php:0
[12-Dec-2016 11:13:41 UTC] PHP Warning:  include(): Failed opening 'models/Usuario.php' for inclusion (include_path='.:/usr/share/php:/usr/share/pear') in /home/ubuntu/workspace/controllers/Usuario.php on line 3
[12-Dec-2016 11:13:41 UTC] PHP Stack trace:
[12-Dec-2016 11:13:41 UTC] PHP   1. {main}() /home/ubuntu/workspace/controllers/Usuario.php:0
[12-Dec-2016 11:13:41 UTC] PHP Fatal error:  Class 'Usuario' not found in /home/ubuntu/workspace/controllers/Usuario.php on line 7
[12-Dec-2016 11:13:41 UTC] PHP Stack trace:
[12-Dec-2016 11:13:41 UTC] PHP   1. {main}() /home/ubuntu/workspace/controllers/Usuario.php:0
[12-Dec-2016 11:14:22 UTC] PHP Warning:  include(config/connect.php): failed to open stream: No such file or directory in /home/ubuntu/workspace/controllers/Usuario.php on line 2
[12-Dec-2016 11:14:22 UTC] PHP Stack trace:
[12-Dec-2016 11:14:22 UTC] PHP   1. {main}() /home/ubuntu/workspace/controllers/Usuario.php:0
[12-Dec-2016 11:14:22 UTC] PHP Warning:  include(): Failed opening 'config/connect.php' for inclusion (include_path='.:/usr/share/php:/usr/share/pear') in /home/ubuntu/workspace/controllers/Usuario.php on line 2
[12-Dec-2016 11:14:22 UTC] PHP Stack trace:
[12-Dec-2016 11:14:22 UTC] PHP   1. {main}() /home/ubuntu/workspace/controllers/Usuario.php:0
[12-Dec-2016 11:14:22 UTC] PHP Warning:  include(models/Usuario.php): failed to open stream: No such file or directory in /home/ubuntu/workspace/controllers/Usuario.php on line 3
[12-Dec-2016 11:14:22 UTC] PHP Stack trace:
[12-Dec-2016 11:14:22 UTC] PHP   1. {main}() /home/ubuntu/workspace/controllers/Usuario.php:0
[12-Dec-2016 11:14:22 UTC] PHP Warning:  include(): Failed opening 'models/Usuario.php' for inclusion (include_path='.:/usr/share/php:/usr/share/pear') in /home/ubuntu/workspace/controllers/Usuario.php on line 3
[12-Dec-2016 11:14:22 UTC] PHP Stack trace:
[12-Dec-2016 11:14:22 UTC] PHP   1. {main}() /home/ubuntu/workspace/controllers/Usuario.php:0
[12-Dec-2016 11:14:22 UTC] PHP Fatal error:  Class 'Usuario' not found in /home/ubuntu/workspace/controllers/Usuario.php on line 7
[12-Dec-2016 11:14:22 UTC] PHP Stack trace:
[12-Dec-2016 11:14:22 UTC] PHP   1. {main}() /home/ubuntu/workspace/controllers/Usuario.php:0
[12-Dec-2016 11:15:31 UTC] PHP Warning:  include(config/connect.php): failed to open stream: No such file or directory in /home/ubuntu/workspace/controllers/Usuario.php on line 2
[12-Dec-2016 11:15:31 UTC] PHP Stack trace:
[12-Dec-2016 11:15:31 UTC] PHP   1. {main}() /home/ubuntu/workspace/controllers/Usuario.php:0
[12-Dec-2016 11:15:31 UTC] PHP Warning:  include(): Failed opening 'config/connect.php' for inclusion (include_path='.:/usr/share/php:/usr/share/pear') in /home/ubuntu/workspace/controllers/Usuario.php on line 2
[12-Dec-2016 11:15:31 UTC] PHP Stack trace:
[12-Dec-2016 11:15:31 UTC] PHP   1. {main}() /home/ubuntu/workspace/controllers/Usuario.php:0
[12-Dec-2016 11:15:31 UTC] PHP Warning:  include(models/Usuario.php): failed to open stream: No such file or directory in /home/ubuntu/workspace/controllers/Usuario.php on line 3
[12-Dec-2016 11:15:31 UTC] PHP Stack trace:
[12-Dec-2016 11:15:31 UTC] PHP   1. {main}() /home/ubuntu/workspace/controllers/Usuario.php:0
[12-Dec-2016 11:15:31 UTC] PHP Warning:  include(): Failed opening 'models/Usuario.php' for inclusion (include_path='.:/usr/share/php:/usr/share/pear') in /home/ubuntu/workspace/controllers/Usuario.php on line 3
[12-Dec-2016 11:15:31 UTC] PHP Stack trace:
[12-Dec-2016 11:15:31 UTC] PHP   1. {main}() /home/ubuntu/workspace/controllers/Usuario.php:0
[12-Dec-2016 11:15:31 UTC] PHP Fatal error:  Class 'Usuario' not found in /home/ubuntu/workspace/controllers/Usuario.php on line 7
[12-Dec-2016 11:15:31 UTC] PHP Stack trace:
[12-Dec-2016 11:15:31 UTC] PHP   1. {main}() /home/ubuntu/workspace/controllers/Usuario.php:0
[13-Dec-2016 22:18:05 UTC] PHP Fatal error:  Call to undefined method Usuario::vLogin() in /home/ubuntu/workspace/controllers/Usuario.php on line 23
[13-Dec-2016 22:18:06 UTC] PHP Stack trace:
[13-Dec-2016 22:18:06 UTC] PHP   1. {main}() /home/ubuntu/workspace/controllers/Usuario.php:0
[13-Dec-2016 22:22:23 UTC] PHP Fatal error:  Call to undefined method Usuario::vLogin() in /home/ubuntu/workspace/controllers/Usuario.php on line 23
[13-Dec-2016 22:22:23 UTC] PHP Stack trace:
[13-Dec-2016 22:22:23 UTC] PHP   1. {main}() /home/ubuntu/workspace/controllers/Usuario.php:0
[14-Dec-2016 21:47:18 UTC] PHP Warning:  include(config/connect.php): failed to open stream: No such file or directory in /home/ubuntu/workspace/controllers/Usuario.php on line 2
[14-Dec-2016 21:47:18 UTC] PHP Stack trace:
[14-Dec-2016 21:47:18 UTC] PHP   1. {main}() /home/ubuntu/workspace/controllers/Usuario.php:0
[14-Dec-2016 21:47:18 UTC] PHP Warning:  include(): Failed opening 'config/connect.php' for inclusion (include_path='.:/usr/share/php:/usr/share/pear') in /home/ubuntu/workspace/controllers/Usuario.php on line 2
[14-Dec-2016 21:47:18 UTC] PHP Stack trace:
[14-Dec-2016 21:47:18 UTC] PHP   1. {main}() /home/ubuntu/workspace/controllers/Usuario.php:0
[14-Dec-2016 21:47:18 UTC] PHP Warning:  include(models/Usuario.php): failed to open stream: No such file or directory in /home/ubuntu/workspace/controllers/Usuario.php on line 3
[14-Dec-2016 21:47:18 UTC] PHP Stack trace:
[14-Dec-2016 21:47:18 UTC] PHP   1. {main}() /home/ubuntu/workspace/controllers/Usuario.php:0
[14-Dec-2016 21:47:18 UTC] PHP Warning:  include(): Failed opening 'models/Usuario.php' for inclusion (include_path='.:/usr/share/php:/usr/share/pear') in /home/ubuntu/workspace/controllers/Usuario.php on line 3
[14-Dec-2016 21:47:18 UTC] PHP Stack trace:
[14-Dec-2016 21:47:18 UTC] PHP   1. {main}() /home/ubuntu/workspace/controllers/Usuario.php:0
[14-Dec-2016 21:47:18 UTC] PHP Fatal error:  Class 'Usuario' not found in /home/ubuntu/workspace/controllers/Usuario.php on line 7
[14-Dec-2016 21:47:18 UTC] PHP Stack trace:
[14-Dec-2016 21:47:18 UTC] PHP   1. {main}() /home/ubuntu/workspace/controllers/Usuario.php:0
[14-Dec-2016 21:47:52 UTC] PHP Warning:  include(config/connect.php): failed to open stream: No such file or directory in /home/ubuntu/workspace/controllers/Usuario.php on line 2
[14-Dec-2016 21:47:52 UTC] PHP Stack trace:
[14-Dec-2016 21:47:52 UTC] PHP   1. {main}() /home/ubuntu/workspace/controllers/Usuario.php:0
[14-Dec-2016 21:47:52 UTC] PHP Warning:  include(): Failed opening 'config/connect.php' for inclusion (include_path='.:/usr/share/php:/usr/share/pear') in /home/ubuntu/workspace/controllers/Usuario.php on line 2
[14-Dec-2016 21:47:52 UTC] PHP Stack trace:
[14-Dec-2016 21:47:52 UTC] PHP   1. {main}() /home/ubuntu/workspace/controllers/Usuario.php:0
[14-Dec-2016 21:47:52 UTC] PHP Warning:  include(models/Usuario.php): failed to open stream: No such file or directory in /home/ubuntu/workspace/controllers/Usuario.php on line 3
[14-Dec-2016 21:47:52 UTC] PHP Stack trace:
[14-Dec-2016 21:47:52 UTC] PHP   1. {main}() /home/ubuntu/workspace/controllers/Usuario.php:0
[14-Dec-2016 21:47:52 UTC] PHP Warning:  include(): Failed opening 'models/Usuario.php' for inclusion (include_path='.:/usr/share/php:/usr/share/pear') in /home/ubuntu/workspace/controllers/Usuario.php on line 3
[14-Dec-2016 21:47:52 UTC] PHP Stack trace:
[14-Dec-2016 21:47:52 UTC] PHP   1. {main}() /home/ubuntu/workspace/controllers/Usuario.php:0
[14-Dec-2016 21:47:52 UTC] PHP Fatal error:  Class 'Usuario' not found in /home/ubuntu/workspace/controllers/Usuario.php on line 7
[14-Dec-2016 21:47:52 UTC] PHP Stack trace:
[14-Dec-2016 21:47:52 UTC] PHP   1. {main}() /home/ubuntu/workspace/controllers/Usuario.php:0
[14-Dec-2016 21:48:47 UTC] PHP Warning:  include(config/connect.php): failed to open stream: No such file or directory in /home/ubuntu/workspace/controllers/Usuario.php on line 2
[14-Dec-2016 21:48:47 UTC] PHP Stack trace:
[14-Dec-2016 21:48:47 UTC] PHP   1. {main}() /home/ubuntu/workspace/controllers/Usuario.php:0
[14-Dec-2016 21:48:47 UTC] PHP Warning:  include(): Failed opening 'config/connect.php' for inclusion (include_path='.:/usr/share/php:/usr/share/pear') in /home/ubuntu/workspace/controllers/Usuario.php on line 2
[14-Dec-2016 21:48:47 UTC] PHP Stack trace:
[14-Dec-2016 21:48:47 UTC] PHP   1. {main}() /home/ubuntu/workspace/controllers/Usuario.php:0
[14-Dec-2016 21:48:47 UTC] PHP Warning:  include(models/Usuario.php): failed to open stream: No such file or directory in /home/ubuntu/workspace/controllers/Usuario.php on line 3
[14-Dec-2016 21:48:47 UTC] PHP Stack trace:
[14-Dec-2016 21:48:47 UTC] PHP   1. {main}() /home/ubuntu/workspace/controllers/Usuario.php:0
[14-Dec-2016 21:48:47 UTC] PHP Warning:  include(): Failed opening 'models/Usuario.php' for inclusion (include_path='.:/usr/share/php:/usr/share/pear') in /home/ubuntu/workspace/controllers/Usuario.php on line 3
[14-Dec-2016 21:48:47 UTC] PHP Stack trace:
[14-Dec-2016 21:48:47 UTC] PHP   1. {main}() /home/ubuntu/workspace/controllers/Usuario.php:0
[14-Dec-2016 21:48:47 UTC] PHP Fatal error:  Class 'Usuario' not found in /home/ubuntu/workspace/controllers/Usuario.php on line 7
[14-Dec-2016 21:48:47 UTC] PHP Stack trace:
[14-Dec-2016 21:48:47 UTC] PHP   1. {main}() /home/ubuntu/workspace/controllers/Usuario.php:0
[14-Dec-2016 21:49:37 UTC] PHP Warning:  include(config/connect.php): failed to open stream: No such file or directory in /home/ubuntu/workspace/controllers/Usuario.php on line 2
[14-Dec-2016 21:49:37 UTC] PHP Stack trace:
[14-Dec-2016 21:49:37 UTC] PHP   1. {main}() /home/ubuntu/workspace/controllers/Usuario.php:0
[14-Dec-2016 21:49:37 UTC] PHP Warning:  include(): Failed opening 'config/connect.php' for inclusion (include_path='.:/usr/share/php:/usr/share/pear') in /home/ubuntu/workspace/controllers/Usuario.php on line 2
[14-Dec-2016 21:49:37 UTC] PHP Stack trace:
[14-Dec-2016 21:49:37 UTC] PHP   1. {main}() /home/ubuntu/workspace/controllers/Usuario.php:0
[14-Dec-2016 21:49:37 UTC] PHP Warning:  include(models/Usuario.php): failed to open stream: No such file or directory in /home/ubuntu/workspace/controllers/Usuario.php on line 3
[14-Dec-2016 21:49:37 UTC] PHP Stack trace:
[14-Dec-2016 21:49:37 UTC] PHP   1. {main}() /home/ubuntu/workspace/controllers/Usuario.php:0
[14-Dec-2016 21:49:37 UTC] PHP Warning:  include(): Failed opening 'models/Usuario.php' for inclusion (include_path='.:/usr/share/php:/usr/share/pear') in /home/ubuntu/workspace/controllers/Usuario.php on line 3
[14-Dec-2016 21:49:37 UTC] PHP Stack trace:
[14-Dec-2016 21:49:37 UTC] PHP   1. {main}() /home/ubuntu/workspace/controllers/Usuario.php:0
[14-Dec-2016 21:49:37 UTC] PHP Fatal error:  Class 'Usuario' not found in /home/ubuntu/workspace/controllers/Usuario.php on line 7
[14-Dec-2016 21:49:37 UTC] PHP Stack trace:
[14-Dec-2016 21:49:37 UTC] PHP   1. {main}() /home/ubuntu/workspace/controllers/Usuario.php:0
[14-Dec-2016 21:51:38 UTC] PHP Warning:  include(config/connect.php): failed to open stream: No such file or directory in /home/ubuntu/workspace/controllers/Usuario.php on line 2
[14-Dec-2016 21:51:38 UTC] PHP Stack trace:
[14-Dec-2016 21:51:38 UTC] PHP   1. {main}() /home/ubuntu/workspace/controllers/Usuario.php:0
[14-Dec-2016 21:51:38 UTC] PHP Warning:  include(): Failed opening 'config/connect.php' for inclusion (include_path='.:/usr/share/php:/usr/share/pear') in /home/ubuntu/workspace/controllers/Usuario.php on line 2
[14-Dec-2016 21:51:38 UTC] PHP Stack trace:
[14-Dec-2016 21:51:38 UTC] PHP   1. {main}() /home/ubuntu/workspace/controllers/Usuario.php:0
[14-Dec-2016 21:51:38 UTC] PHP Warning:  include(models/Usuario.php): failed to open stream: No such file or directory in /home/ubuntu/workspace/controllers/Usuario.php on line 3
[14-Dec-2016 21:51:38 UTC] PHP Stack trace:
[14-Dec-2016 21:51:38 UTC] PHP   1. {main}() /home/ubuntu/workspace/controllers/Usuario.php:0
[14-Dec-2016 21:51:38 UTC] PHP Warning:  include(): Failed opening 'models/Usuario.php' for inclusion (include_path='.:/usr/share/php:/usr/share/pear') in /home/ubuntu/workspace/controllers/Usuario.php on line 3
[14-Dec-2016 21:51:38 UTC] PHP Stack trace:
[14-Dec-2016 21:51:38 UTC] PHP   1. {main}() /home/ubuntu/workspace/controllers/Usuario.php:0
[14-Dec-2016 21:51:38 UTC] PHP Warning:  include(views/Usuario_vista.php): failed to open stream: No such file or directory in /home/ubuntu/workspace/controllers/Usuario.php on line 4
[14-Dec-2016 21:51:38 UTC] PHP Stack trace:
[14-Dec-2016 21:51:38 UTC] PHP   1. {main}() /home/ubuntu/workspace/controllers/Usuario.php:0
[14-Dec-2016 21:51:38 UTC] PHP Warning:  include(): Failed opening 'views/Usuario_vista.php' for inclusion (include_path='.:/usr/share/php:/usr/share/pear') in /home/ubuntu/workspace/controllers/Usuario.php on line 4
[14-Dec-2016 21:51:38 UTC] PHP Stack trace:
[14-Dec-2016 21:51:38 UTC] PHP   1. {main}() /home/ubuntu/workspace/controllers/Usuario.php:0
[14-Dec-2016 21:51:38 UTC] PHP Fatal error:  Class 'Usuario' not found in /home/ubuntu/workspace/controllers/Usuario.php on line 8
[14-Dec-2016 21:51:38 UTC] PHP Stack trace:
[14-Dec-2016 21:51:38 UTC] PHP   1. {main}() /home/ubuntu/workspace/controllers/Usuario.php:0
[14-Dec-2016 21:54:00 UTC] PHP Warning:  include(config/connect.php): failed to open stream: No such file or directory in /home/ubuntu/workspace/controllers/Usuario.php on line 2
[14-Dec-2016 21:54:00 UTC] PHP Stack trace:
[14-Dec-2016 21:54:00 UTC] PHP   1. {main}() /home/ubuntu/workspace/controllers/Usuario.php:0
[14-Dec-2016 21:54:00 UTC] PHP Warning:  include(): Failed opening 'config/connect.php' for inclusion (include_path='.:/usr/share/php:/usr/share/pear') in /home/ubuntu/workspace/controllers/Usuario.php on line 2
[14-Dec-2016 21:54:00 UTC] PHP Stack trace:
[14-Dec-2016 21:54:00 UTC] PHP   1. {main}() /home/ubuntu/workspace/controllers/Usuario.php:0
[14-Dec-2016 21:54:00 UTC] PHP Warning:  include(models/Usuario.php): failed to open stream: No such file or directory in /home/ubuntu/workspace/controllers/Usuario.php on line 3
[14-Dec-2016 21:54:00 UTC] PHP Stack trace:
[14-Dec-2016 21:54:00 UTC] PHP   1. {main}() /home/ubuntu/workspace/controllers/Usuario.php:0
[14-Dec-2016 21:54:00 UTC] PHP Warning:  include(): Failed opening 'models/Usuario.php' for inclusion (include_path='.:/usr/share/php:/usr/share/pear') in /home/ubuntu/workspace/controllers/Usuario.php on line 3
[14-Dec-2016 21:54:00 UTC] PHP Stack trace:
[14-Dec-2016 21:54:00 UTC] PHP   1. {main}() /home/ubuntu/workspace/controllers/Usuario.php:0
[14-Dec-2016 21:54:00 UTC] PHP Warning:  include(views/Usuario_vista.php): failed to open stream: No such file or directory in /home/ubuntu/workspace/controllers/Usuario.php on line 4
[14-Dec-2016 21:54:00 UTC] PHP Stack trace:
[14-Dec-2016 21:54:00 UTC] PHP   1. {main}() /home/ubuntu/workspace/controllers/Usuario.php:0
[14-Dec-2016 21:54:00 UTC] PHP Warning:  include(): Failed opening 'views/Usuario_vista.php' for inclusion (include_path='.:/usr/share/php:/usr/share/pear') in /home/ubuntu/workspace/controllers/Usuario.php on line 4
[14-Dec-2016 21:54:00 UTC] PHP Stack trace:
[14-Dec-2016 21:54:00 UTC] PHP   1. {main}() /home/ubuntu/workspace/controllers/Usuario.php:0
[14-Dec-2016 21:54:00 UTC] PHP Fatal error:  Class 'Usuario' not found in /home/ubuntu/workspace/controllers/Usuario.php on line 8
[14-Dec-2016 21:54:00 UTC] PHP Stack trace:
[14-Dec-2016 21:54:00 UTC] PHP   1. {main}() /home/ubuntu/workspace/controllers/Usuario.php:0
[14-Dec-2016 21:55:45 UTC] PHP Warning:  include(config/connect.php): failed to open stream: No such file or directory in /home/ubuntu/workspace/controllers/Usuario.php on line 2
[14-Dec-2016 21:55:45 UTC] PHP Stack trace:
[14-Dec-2016 21:55:45 UTC] PHP   1. {main}() /home/ubuntu/workspace/controllers/Usuario.php:0
[14-Dec-2016 21:55:45 UTC] PHP Warning:  include(): Failed opening 'config/connect.php' for inclusion (include_path='.:/usr/share/php:/usr/share/pear') in /home/ubuntu/workspace/controllers/Usuario.php on line 2
[14-Dec-2016 21:55:45 UTC] PHP Stack trace:
[14-Dec-2016 21:55:45 UTC] PHP   1. {main}() /home/ubuntu/workspace/controllers/Usuario.php:0
[14-Dec-2016 21:55:45 UTC] PHP Warning:  include(models/Usuario.php): failed to open stream: No such file or directory in /home/ubuntu/workspace/controllers/Usuario.php on line 3
[14-Dec-2016 21:55:45 UTC] PHP Stack trace:
[14-Dec-2016 21:55:45 UTC] PHP   1. {main}() /home/ubuntu/workspace/controllers/Usuario.php:0
[14-Dec-2016 21:55:45 UTC] PHP Warning:  include(): Failed opening 'models/Usuario.php' for inclusion (include_path='.:/usr/share/php:/usr/share/pear') in /home/ubuntu/workspace/controllers/Usuario.php on line 3
[14-Dec-2016 21:55:45 UTC] PHP Stack trace:
[14-Dec-2016 21:55:45 UTC] PHP   1. {main}() /home/ubuntu/workspace/controllers/Usuario.php:0
[14-Dec-2016 21:55:45 UTC] PHP Warning:  include(views/Usuario_vista.php): failed to open stream: No such file or directory in /home/ubuntu/workspace/controllers/Usuario.php on line 4
[14-Dec-2016 21:55:45 UTC] PHP Stack trace:
[14-Dec-2016 21:55:45 UTC] PHP   1. {main}() /home/ubuntu/workspace/controllers/Usuario.php:0
[14-Dec-2016 21:55:45 UTC] PHP Warning:  include(): Failed opening 'views/Usuario_vista.php' for inclusion (include_path='.:/usr/share/php:/usr/share/pear') in /home/ubuntu/workspace/controllers/Usuario.php on line 4
[14-Dec-2016 21:55:45 UTC] PHP Stack trace:
[14-Dec-2016 21:55:45 UTC] PHP   1. {main}() /home/ubuntu/workspace/controllers/Usuario.php:0
[14-Dec-2016 21:55:45 UTC] PHP Fatal error:  Class 'Usuario' not found in /home/ubuntu/workspace/controllers/Usuario.php on line 8
[14-Dec-2016 21:55:45 UTC] PHP Stack trace:
[14-Dec-2016 21:55:45 UTC] PHP   1. {main}() /home/ubuntu/workspace/controllers/Usuario.php:0
[14-Dec-2016 21:56:51 UTC] PHP Warning:  include(config/connect.php): failed to open stream: No such file or directory in /home/ubuntu/workspace/controllers/Usuario.php on line 2
[14-Dec-2016 21:56:51 UTC] PHP Stack trace:
[14-Dec-2016 21:56:51 UTC] PHP   1. {main}() /home/ubuntu/workspace/controllers/Usuario.php:0
[14-Dec-2016 21:56:51 UTC] PHP Warning:  include(): Failed opening 'config/connect.php' for inclusion (include_path='.:/usr/share/php:/usr/share/pear') in /home/ubuntu/workspace/controllers/Usuario.php on line 2
[14-Dec-2016 21:56:51 UTC] PHP Stack trace:
[14-Dec-2016 21:56:51 UTC] PHP   1. {main}() /home/ubuntu/workspace/controllers/Usuario.php:0
[14-Dec-2016 21:56:51 UTC] PHP Warning:  include(models/Usuario.php): failed to open stream: No such file or directory in /home/ubuntu/workspace/controllers/Usuario.php on line 3
[14-Dec-2016 21:56:51 UTC] PHP Stack trace:
[14-Dec-2016 21:56:51 UTC] PHP   1. {main}() /home/ubuntu/workspace/controllers/Usuario.php:0
[14-Dec-2016 21:56:51 UTC] PHP Warning:  include(): Failed opening 'models/Usuario.php' for inclusion (include_path='.:/usr/share/php:/usr/share/pear') in /home/ubuntu/workspace/controllers/Usuario.php on line 3
[14-Dec-2016 21:56:51 UTC] PHP Stack trace:
[14-Dec-2016 21:56:51 UTC] PHP   1. {main}() /home/ubuntu/workspace/controllers/Usuario.php:0
[14-Dec-2016 21:56:51 UTC] PHP Warning:  include(views/Usuario_vista.php): failed to open stream: No such file or directory in /home/ubuntu/workspace/controllers/Usuario.php on line 4
[14-Dec-2016 21:56:51 UTC] PHP Stack trace:
[14-Dec-2016 21:56:51 UTC] PHP   1. {main}() /home/ubuntu/workspace/controllers/Usuario.php:0
[14-Dec-2016 21:56:51 UTC] PHP Warning:  include(): Failed opening 'views/Usuario_vista.php' for inclusion (include_path='.:/usr/share/php:/usr/share/pear') in /home/ubuntu/workspace/controllers/Usuario.php on line 4
[14-Dec-2016 21:56:51 UTC] PHP Stack trace:
[14-Dec-2016 21:56:51 UTC] PHP   1. {main}() /home/ubuntu/workspace/controllers/Usuario.php:0
[14-Dec-2016 21:56:51 UTC] PHP Fatal error:  Class 'Usuario' not found in /home/ubuntu/workspace/controllers/Usuario.php on line 8
[14-Dec-2016 21:56:51 UTC] PHP Stack trace:
[14-Dec-2016 21:56:51 UTC] PHP   1. {main}() /home/ubuntu/workspace/controllers/Usuario.php:0
[14-Dec-2016 22:17:05 UTC] PHP Warning:  include(config/connect.php): failed to open stream: No such file or directory in /home/ubuntu/workspace/controllers/Usuario.php on line 2
[14-Dec-2016 22:17:05 UTC] PHP Stack trace:
[14-Dec-2016 22:17:05 UTC] PHP   1. {main}() /home/ubuntu/workspace/controllers/Usuario.php:0
[14-Dec-2016 22:17:05 UTC] PHP Warning:  include(): Failed opening 'config/connect.php' for inclusion (include_path='.:/usr/share/php:/usr/share/pear') in /home/ubuntu/workspace/controllers/Usuario.php on line 2
[14-Dec-2016 22:17:05 UTC] PHP Stack trace:
[14-Dec-2016 22:17:05 UTC] PHP   1. {main}() /home/ubuntu/workspace/controllers/Usuario.php:0
[14-Dec-2016 22:17:05 UTC] PHP Warning:  include(models/Usuario.php): failed to open stream: No such file or directory in /home/ubuntu/workspace/controllers/Usuario.php on line 3
[14-Dec-2016 22:17:05 UTC] PHP Stack trace:
[14-Dec-2016 22:17:05 UTC] PHP   1. {main}() /home/ubuntu/workspace/controllers/Usuario.php:0
[14-Dec-2016 22:17:05 UTC] PHP Warning:  include(): Failed opening 'models/Usuario.php' for inclusion (include_path='.:/usr/share/php:/usr/share/pear') in /home/ubuntu/workspace/controllers/Usuario.php on line 3
[14-Dec-2016 22:17:05 UTC] PHP Stack trace:
[14-Dec-2016 22:17:05 UTC] PHP   1. {main}() /home/ubuntu/workspace/controllers/Usuario.php:0
[14-Dec-2016 22:17:05 UTC] PHP Warning:  include(views/Usuario_vista.php): failed to open stream: No such file or directory in /home/ubuntu/workspace/controllers/Usuario.php on line 4
[14-Dec-2016 22:17:05 UTC] PHP Stack trace:
[14-Dec-2016 22:17:05 UTC] PHP   1. {main}() /home/ubuntu/workspace/controllers/Usuario.php:0
[14-Dec-2016 22:17:05 UTC] PHP Warning:  include(): Failed opening 'views/Usuario_vista.php' for inclusion (include_path='.:/usr/share/php:/usr/share/pear') in /home/ubuntu/workspace/controllers/Usuario.php on line 4
[14-Dec-2016 22:17:05 UTC] PHP Stack trace:
[14-Dec-2016 22:17:05 UTC] PHP   1. {main}() /home/ubuntu/workspace/controllers/Usuario.php:0
[14-Dec-2016 22:17:05 UTC] PHP Fatal error:  Class 'Usuario' not found in /home/ubuntu/workspace/controllers/Usuario.php on line 8
[14-Dec-2016 22:17:05 UTC] PHP Stack trace:
[14-Dec-2016 22:17:05 UTC] PHP   1. {main}() /home/ubuntu/workspace/controllers/Usuario.php:0
[14-Dec-2016 22:21:14 UTC] PHP Warning:  include(config/connect.php): failed to open stream: No such file or directory in /home/ubuntu/workspace/controllers/Usuario.php on line 2
[14-Dec-2016 22:21:14 UTC] PHP Stack trace:
[14-Dec-2016 22:21:14 UTC] PHP   1. {main}() /home/ubuntu/workspace/controllers/Usuario.php:0
[14-Dec-2016 22:21:14 UTC] PHP Warning:  include(): Failed opening 'config/connect.php' for inclusion (include_path='.:/usr/share/php:/usr/share/pear') in /home/ubuntu/workspace/controllers/Usuario.php on line 2
[14-Dec-2016 22:21:14 UTC] PHP Stack trace:
[14-Dec-2016 22:21:14 UTC] PHP   1. {main}() /home/ubuntu/workspace/controllers/Usuario.php:0
[14-Dec-2016 22:21:14 UTC] PHP Warning:  include(models/Usuario.php): failed to open stream: No such file or directory in /home/ubuntu/workspace/controllers/Usuario.php on line 3
[14-Dec-2016 22:21:14 UTC] PHP Stack trace:
[14-Dec-2016 22:21:14 UTC] PHP   1. {main}() /home/ubuntu/workspace/controllers/Usuario.php:0
[14-Dec-2016 22:21:14 UTC] PHP Warning:  include(): Failed opening 'models/Usuario.php' for inclusion (include_path='.:/usr/share/php:/usr/share/pear') in /home/ubuntu/workspace/controllers/Usuario.php on line 3
[14-Dec-2016 22:21:14 UTC] PHP Stack trace:
[14-Dec-2016 22:21:14 UTC] PHP   1. {main}() /home/ubuntu/workspace/controllers/Usuario.php:0
[14-Dec-2016 22:21:14 UTC] PHP Warning:  include(views/Usuario_vista.php): failed to open stream: No such file or directory in /home/ubuntu/workspace/controllers/Usuario.php on line 4
[14-Dec-2016 22:21:14 UTC] PHP Stack trace:
[14-Dec-2016 22:21:14 UTC] PHP   1. {main}() /home/ubuntu/workspace/controllers/Usuario.php:0
[14-Dec-2016 22:21:14 UTC] PHP Warning:  include(): Failed opening 'views/Usuario_vista.php' for inclusion (include_path='.:/usr/share/php:/usr/share/pear') in /home/ubuntu/workspace/controllers/Usuario.php on line 4
[14-Dec-2016 22:21:14 UTC] PHP Stack trace:
[14-Dec-2016 22:21:14 UTC] PHP   1. {main}() /home/ubuntu/workspace/controllers/Usuario.php:0
[14-Dec-2016 22:21:14 UTC] PHP Fatal error:  Class 'Usuario' not found in /home/ubuntu/workspace/controllers/Usuario.php on line 8
[14-Dec-2016 22:21:14 UTC] PHP Stack trace:
[14-Dec-2016 22:21:14 UTC] PHP   1. {main}() /home/ubuntu/workspace/controllers/Usuario.php:0
[14-Dec-2016 22:23:09 UTC] PHP Warning:  include(config/connect.php): failed to open stream: No such file or directory in /home/ubuntu/workspace/controllers/Usuario.php on line 2
[14-Dec-2016 22:23:09 UTC] PHP Stack trace:
[14-Dec-2016 22:23:09 UTC] PHP   1. {main}() /home/ubuntu/workspace/controllers/Usuario.php:0
[14-Dec-2016 22:23:09 UTC] PHP Warning:  include(): Failed opening 'config/connect.php' for inclusion (include_path='.:/usr/share/php:/usr/share/pear') in /home/ubuntu/workspace/controllers/Usuario.php on line 2
[14-Dec-2016 22:23:09 UTC] PHP Stack trace:
[14-Dec-2016 22:23:09 UTC] PHP   1. {main}() /home/ubuntu/workspace/controllers/Usuario.php:0
[14-Dec-2016 22:23:09 UTC] PHP Warning:  include(models/Usuario.php): failed to open stream: No such file or directory in /home/ubuntu/workspace/controllers/Usuario.php on line 3
[14-Dec-2016 22:23:09 UTC] PHP Stack trace:
[14-Dec-2016 22:23:09 UTC] PHP   1. {main}() /home/ubuntu/workspace/controllers/Usuario.php:0
[14-Dec-2016 22:23:09 UTC] PHP Warning:  include(): Failed opening 'models/Usuario.php' for inclusion (include_path='.:/usr/share/php:/usr/share/pear') in /home/ubuntu/workspace/controllers/Usuario.php on line 3
[14-Dec-2016 22:23:09 UTC] PHP Stack trace:
[14-Dec-2016 22:23:09 UTC] PHP   1. {main}() /home/ubuntu/workspace/controllers/Usuario.php:0
[14-Dec-2016 22:23:09 UTC] PHP Warning:  include(views/Usuario_vista.php): failed to open stream: No such file or directory in /home/ubuntu/workspace/controllers/Usuario.php on line 4
[14-Dec-2016 22:23:09 UTC] PHP Stack trace:
[14-Dec-2016 22:23:09 UTC] PHP   1. {main}() /home/ubuntu/workspace/controllers/Usuario.php:0
[14-Dec-2016 22:23:09 UTC] PHP Warning:  include(): Failed opening 'views/Usuario_vista.php' for inclusion (include_path='.:/usr/share/php:/usr/share/pear') in /home/ubuntu/workspace/controllers/Usuario.php on line 4
[14-Dec-2016 22:23:09 UTC] PHP Stack trace:
[14-Dec-2016 22:23:09 UTC] PHP   1. {main}() /home/ubuntu/workspace/controllers/Usuario.php:0
[14-Dec-2016 22:23:09 UTC] PHP Fatal error:  Class 'Usuario' not found in /home/ubuntu/workspace/controllers/Usuario.php on line 8
[14-Dec-2016 22:23:09 UTC] PHP Stack trace:
[14-Dec-2016 22:23:09 UTC] PHP   1. {main}() /home/ubuntu/workspace/controllers/Usuario.php:0
[14-Dec-2016 22:23:46 UTC] PHP Warning:  include_once(config/connect.php): failed to open stream: No such file or directory in /home/ubuntu/workspace/controllers/Usuario.php on line 2
[14-Dec-2016 22:23:46 UTC] PHP Stack trace:
[14-Dec-2016 22:23:46 UTC] PHP   1. {main}() /home/ubuntu/workspace/controllers/Usuario.php:0
[14-Dec-2016 22:23:46 UTC] PHP Warning:  include_once(): Failed opening 'config/connect.php' for inclusion (include_path='.:/usr/share/php:/usr/share/pear') in /home/ubuntu/workspace/controllers/Usuario.php on line 2
[14-Dec-2016 22:23:46 UTC] PHP Stack trace:
[14-Dec-2016 22:23:46 UTC] PHP   1. {main}() /home/ubuntu/workspace/controllers/Usuario.php:0
[14-Dec-2016 22:23:46 UTC] PHP Warning:  include_once(models/Usuario.php): failed to open stream: No such file or directory in /home/ubuntu/workspace/controllers/Usuario.php on line 3
[14-Dec-2016 22:23:46 UTC] PHP Stack trace:
[14-Dec-2016 22:23:46 UTC] PHP   1. {main}() /home/ubuntu/workspace/controllers/Usuario.php:0
[14-Dec-2016 22:23:46 UTC] PHP Warning:  include_once(): Failed opening 'models/Usuario.php' for inclusion (include_path='.:/usr/share/php:/usr/share/pear') in /home/ubuntu/workspace/controllers/Usuario.php on line 3
[14-Dec-2016 22:23:46 UTC] PHP Stack trace:
[14-Dec-2016 22:23:46 UTC] PHP   1. {main}() /home/ubuntu/workspace/controllers/Usuario.php:0
[14-Dec-2016 22:23:46 UTC] PHP Warning:  include_once(views/Usuario_vista.php): failed to open stream: No such file or directory in /home/ubuntu/workspace/controllers/Usuario.php on line 4
[14-Dec-2016 22:23:46 UTC] PHP Stack trace:
[14-Dec-2016 22:23:46 UTC] PHP   1. {main}() /home/ubuntu/workspace/controllers/Usuario.php:0
[14-Dec-2016 22:23:46 UTC] PHP Warning:  include_once(): Failed opening 'views/Usuario_vista.php' for inclusion (include_path='.:/usr/share/php:/usr/share/pear') in /home/ubuntu/workspace/controllers/Usuario.php on line 4
[14-Dec-2016 22:23:46 UTC] PHP Stack trace:
[14-Dec-2016 22:23:46 UTC] PHP   1. {main}() /home/ubuntu/workspace/controllers/Usuario.php:0
[14-Dec-2016 22:23:46 UTC] PHP Fatal error:  Class 'Usuario' not found in /home/ubuntu/workspace/controllers/Usuario.php on line 8
[14-Dec-2016 22:23:46 UTC] PHP Stack trace:
[14-Dec-2016 22:23:46 UTC] PHP   1. {main}() /home/ubuntu/workspace/controllers/Usuario.php:0
[14-Dec-2016 22:25:41 UTC] PHP Warning:  include_once(config/connect.php): failed to open stream: No such file or directory in /home/ubuntu/workspace/controllers/Usuario.php on line 2
[14-Dec-2016 22:25:41 UTC] PHP Stack trace:
[14-Dec-2016 22:25:41 UTC] PHP   1. {main}() /home/ubuntu/workspace/controllers/Usuario.php:0
[14-Dec-2016 22:25:41 UTC] PHP Warning:  include_once(): Failed opening 'config/connect.php' for inclusion (include_path='.:/usr/share/php:/usr/share/pear') in /home/ubuntu/workspace/controllers/Usuario.php on line 2
[14-Dec-2016 22:25:41 UTC] PHP Stack trace:
[14-Dec-2016 22:25:41 UTC] PHP   1. {main}() /home/ubuntu/workspace/controllers/Usuario.php:0
[14-Dec-2016 22:25:41 UTC] PHP Warning:  include_once(models/Usuario.php): failed to open stream: No such file or directory in /home/ubuntu/workspace/controllers/Usuario.php on line 3
[14-Dec-2016 22:25:41 UTC] PHP Stack trace:
[14-Dec-2016 22:25:41 UTC] PHP   1. {main}() /home/ubuntu/workspace/controllers/Usuario.php:0
[14-Dec-2016 22:25:41 UTC] PHP Warning:  include_once(): Failed opening 'models/Usuario.php' for inclusion (include_path='.:/usr/share/php:/usr/share/pear') in /home/ubuntu/workspace/controllers/Usuario.php on line 3
[14-Dec-2016 22:25:41 UTC] PHP Stack trace:
[14-Dec-2016 22:25:41 UTC] PHP   1. {main}() /home/ubuntu/workspace/controllers/Usuario.php:0
[14-Dec-2016 22:25:41 UTC] PHP Warning:  include_once(views/Usuario_vista.php): failed to open stream: No such file or directory in /home/ubuntu/workspace/controllers/Usuario.php on line 4
[14-Dec-2016 22:25:41 UTC] PHP Stack trace:
[14-Dec-2016 22:25:41 UTC] PHP   1. {main}() /home/ubuntu/workspace/controllers/Usuario.php:0
[14-Dec-2016 22:25:41 UTC] PHP Warning:  include_once(): Failed opening 'views/Usuario_vista.php' for inclusion (include_path='.:/usr/share/php:/usr/share/pear') in /home/ubuntu/workspace/controllers/Usuario.php on line 4
[14-Dec-2016 22:25:41 UTC] PHP Stack trace:
[14-Dec-2016 22:25:41 UTC] PHP   1. {main}() /home/ubuntu/workspace/controllers/Usuario.php:0
[14-Dec-2016 22:25:41 UTC] PHP Fatal error:  Class 'Usuario' not found in /home/ubuntu/workspace/controllers/Usuario.php on line 8
[14-Dec-2016 22:25:41 UTC] PHP Stack trace:
[14-Dec-2016 22:25:41 UTC] PHP   1. {main}() /home/ubuntu/workspace/controllers/Usuario.php:0
[14-Dec-2016 23:04:58 UTC] PHP Warning:  include_once(config/connect.php): failed to open stream: No such file or directory in /home/ubuntu/workspace/controllers/Usuario.php on line 2
[14-Dec-2016 23:04:58 UTC] PHP Stack trace:
[14-Dec-2016 23:04:58 UTC] PHP   1. {main}() /home/ubuntu/workspace/controllers/Usuario.php:0
[14-Dec-2016 23:04:58 UTC] PHP Warning:  include_once(): Failed opening 'config/connect.php' for inclusion (include_path='.:/usr/share/php:/usr/share/pear') in /home/ubuntu/workspace/controllers/Usuario.php on line 2
[14-Dec-2016 23:04:58 UTC] PHP Stack trace:
[14-Dec-2016 23:04:58 UTC] PHP   1. {main}() /home/ubuntu/workspace/controllers/Usuario.php:0
[14-Dec-2016 23:04:58 UTC] PHP Warning:  include_once(models/Usuario.php): failed to open stream: No such file or directory in /home/ubuntu/workspace/controllers/Usuario.php on line 3
[14-Dec-2016 23:04:58 UTC] PHP Stack trace:
[14-Dec-2016 23:04:58 UTC] PHP   1. {main}() /home/ubuntu/workspace/controllers/Usuario.php:0
[14-Dec-2016 23:04:58 UTC] PHP Warning:  include_once(): Failed opening 'models/Usuario.php' for inclusion (include_path='.:/usr/share/php:/usr/share/pear') in /home/ubuntu/workspace/controllers/Usuario.php on line 3
[14-Dec-2016 23:04:58 UTC] PHP Stack trace:
[14-Dec-2016 23:04:58 UTC] PHP   1. {main}() /home/ubuntu/workspace/controllers/Usuario.php:0
[14-Dec-2016 23:04:58 UTC] PHP Warning:  include_once(views/Usuario_vista.php): failed to open stream: No such file or directory in /home/ubuntu/workspace/controllers/Usuario.php on line 4
[14-Dec-2016 23:04:58 UTC] PHP Stack trace:
[14-Dec-2016 23:04:58 UTC] PHP   1. {main}() /home/ubuntu/workspace/controllers/Usuario.php:0
[14-Dec-2016 23:04:58 UTC] PHP Warning:  include_once(): Failed opening 'views/Usuario_vista.php' for inclusion (include_path='.:/usr/share/php:/usr/share/pear') in /home/ubuntu/workspace/controllers/Usuario.php on line 4
[14-Dec-2016 23:04:58 UTC] PHP Stack trace:
[14-Dec-2016 23:04:58 UTC] PHP   1. {main}() /home/ubuntu/workspace/controllers/Usuario.php:0
[14-Dec-2016 23:04:58 UTC] PHP Fatal error:  Class 'Usuario' not found in /home/ubuntu/workspace/controllers/Usuario.php on line 8
[14-Dec-2016 23:04:58 UTC] PHP Stack trace:
[14-Dec-2016 23:04:58 UTC] PHP   1. {main}() /home/ubuntu/workspace/controllers/Usuario.php:0
[14-Dec-2016 23:07:08 UTC] PHP Warning:  include_once(config/connect.php): failed to open stream: No such file or directory in /home/ubuntu/workspace/controllers/Usuario.php on line 2
[14-Dec-2016 23:07:08 UTC] PHP Stack trace:
[14-Dec-2016 23:07:08 UTC] PHP   1. {main}() /home/ubuntu/workspace/controllers/Usuario.php:0
[14-Dec-2016 23:07:08 UTC] PHP Warning:  include_once(): Failed opening 'config/connect.php' for inclusion (include_path='.:/usr/share/php:/usr/share/pear') in /home/ubuntu/workspace/controllers/Usuario.php on line 2
[14-Dec-2016 23:07:08 UTC] PHP Stack trace:
[14-Dec-2016 23:07:08 UTC] PHP   1. {main}() /home/ubuntu/workspace/controllers/Usuario.php:0
[14-Dec-2016 23:07:08 UTC] PHP Warning:  include_once(models/Usuario.php): failed to open stream: No such file or directory in /home/ubuntu/workspace/controllers/Usuario.php on line 3
[14-Dec-2016 23:07:08 UTC] PHP Stack trace:
[14-Dec-2016 23:07:08 UTC] PHP   1. {main}() /home/ubuntu/workspace/controllers/Usuario.php:0
[14-Dec-2016 23:07:08 UTC] PHP Warning:  include_once(): Failed opening 'models/Usuario.php' for inclusion (include_path='.:/usr/share/php:/usr/share/pear') in /home/ubuntu/workspace/controllers/Usuario.php on line 3
[14-Dec-2016 23:07:08 UTC] PHP Stack trace:
[14-Dec-2016 23:07:08 UTC] PHP   1. {main}() /home/ubuntu/workspace/controllers/Usuario.php:0
[14-Dec-2016 23:07:08 UTC] PHP Warning:  include_once(views/Usuario_vista.php): failed to open stream: No such file or directory in /home/ubuntu/workspace/controllers/Usuario.php on line 4
[14-Dec-2016 23:07:08 UTC] PHP Stack trace:
[14-Dec-2016 23:07:08 UTC] PHP   1. {main}() /home/ubuntu/workspace/controllers/Usuario.php:0
[14-Dec-2016 23:07:08 UTC] PHP Warning:  include_once(): Failed opening 'views/Usuario_vista.php' for inclusion (include_path='.:/usr/share/php:/usr/share/pear') in /home/ubuntu/workspace/controllers/Usuario.php on line 4
[14-Dec-2016 23:07:08 UTC] PHP Stack trace:
[14-Dec-2016 23:07:08 UTC] PHP   1. {main}() /home/ubuntu/workspace/controllers/Usuario.php:0
[14-Dec-2016 23:07:08 UTC] PHP Fatal error:  Class 'Usuario' not found in /home/ubuntu/workspace/controllers/Usuario.php on line 8
[14-Dec-2016 23:07:08 UTC] PHP Stack trace:
[14-Dec-2016 23:07:08 UTC] PHP   1. {main}() /home/ubuntu/workspace/controllers/Usuario.php:0
[14-Dec-2016 23:09:30 UTC] PHP Warning:  include_once(config/connect.php): failed to open stream: No such file or directory in /home/ubuntu/workspace/controllers/Usuario.php on line 2
[14-Dec-2016 23:09:30 UTC] PHP Stack trace:
[14-Dec-2016 23:09:30 UTC] PHP   1. {main}() /home/ubuntu/workspace/controllers/Usuario.php:0
[14-Dec-2016 23:09:30 UTC] PHP Warning:  include_once(): Failed opening 'config/connect.php' for inclusion (include_path='.:/usr/share/php:/usr/share/pear') in /home/ubuntu/workspace/controllers/Usuario.php on line 2
[14-Dec-2016 23:09:30 UTC] PHP Stack trace:
[14-Dec-2016 23:09:30 UTC] PHP   1. {main}() /home/ubuntu/workspace/controllers/Usuario.php:0
[14-Dec-2016 23:09:30 UTC] PHP Warning:  include_once(models/Usuario.php): failed to open stream: No such file or directory in /home/ubuntu/workspace/controllers/Usuario.php on line 3
[14-Dec-2016 23:09:30 UTC] PHP Stack trace:
[14-Dec-2016 23:09:30 UTC] PHP   1. {main}() /home/ubuntu/workspace/controllers/Usuario.php:0
[14-Dec-2016 23:09:30 UTC] PHP Warning:  include_once(): Failed opening 'models/Usuario.php' for inclusion (include_path='.:/usr/share/php:/usr/share/pear') in /home/ubuntu/workspace/controllers/Usuario.php on line 3
[14-Dec-2016 23:09:30 UTC] PHP Stack trace:
[14-Dec-2016 23:09:30 UTC] PHP   1. {main}() /home/ubuntu/workspace/controllers/Usuario.php:0
[14-Dec-2016 23:09:30 UTC] PHP Warning:  include_once(views/Usuario_vista.php): failed to open stream: No such file or directory in /home/ubuntu/workspace/controllers/Usuario.php on line 4
[14-Dec-2016 23:09:30 UTC] PHP Stack trace:
[14-Dec-2016 23:09:30 UTC] PHP   1. {main}() /home/ubuntu/workspace/controllers/Usuario.php:0
[14-Dec-2016 23:09:30 UTC] PHP Warning:  include_once(): Failed opening 'views/Usuario_vista.php' for inclusion (include_path='.:/usr/share/php:/usr/share/pear') in /home/ubuntu/workspace/controllers/Usuario.php on line 4
[14-Dec-2016 23:09:30 UTC] PHP Stack trace:
[14-Dec-2016 23:09:30 UTC] PHP   1. {main}() /home/ubuntu/workspace/controllers/Usuario.php:0
[14-Dec-2016 23:09:30 UTC] PHP Fatal error:  Class 'Usuario' not found in /home/ubuntu/workspace/controllers/Usuario.php on line 8
[14-Dec-2016 23:09:30 UTC] PHP Stack trace:
[14-Dec-2016 23:09:30 UTC] PHP   1. {main}() /home/ubuntu/workspace/controllers/Usuario.php:0
[14-Dec-2016 23:09:49 UTC] PHP Warning:  require_once(config/connect.php): failed to open stream: No such file or directory in /home/ubuntu/workspace/controllers/Usuario.php on line 2
[14-Dec-2016 23:09:49 UTC] PHP Stack trace:
[14-Dec-2016 23:09:49 UTC] PHP   1. {main}() /home/ubuntu/workspace/controllers/Usuario.php:0
[14-Dec-2016 23:09:49 UTC] PHP Fatal error:  require_once(): Failed opening required 'config/connect.php' (include_path='.:/usr/share/php:/usr/share/pear') in /home/ubuntu/workspace/controllers/Usuario.php on line 2
[14-Dec-2016 23:09:49 UTC] PHP Stack trace:
[14-Dec-2016 23:09:49 UTC] PHP   1. {main}() /home/ubuntu/workspace/controllers/Usuario.php:0
[14-Dec-2016 23:11:31 UTC] PHP Warning:  require_once(config/connect.php): failed to open stream: No such file or directory in /home/ubuntu/workspace/controllers/Usuario.php on line 2
[14-Dec-2016 23:11:31 UTC] PHP Stack trace:
[14-Dec-2016 23:11:31 UTC] PHP   1. {main}() /home/ubuntu/workspace/controllers/Usuario.php:0
[14-Dec-2016 23:11:31 UTC] PHP Fatal error:  require_once(): Failed opening required 'config/connect.php' (include_path='.:/usr/share/php:/usr/share/pear') in /home/ubuntu/workspace/controllers/Usuario.php on line 2
[14-Dec-2016 23:11:31 UTC] PHP Stack trace:
[14-Dec-2016 23:11:31 UTC] PHP   1. {main}() /home/ubuntu/workspace/controllers/Usuario.php:0
[14-Dec-2016 23:17:16 UTC] PHP Warning:  require_once(config/connect.php): failed to open stream: No such file or directory in /home/ubuntu/workspace/controllers/Usuario.php on line 2
[14-Dec-2016 23:17:16 UTC] PHP Stack trace:
[14-Dec-2016 23:17:16 UTC] PHP   1. {main}() /home/ubuntu/workspace/controllers/Usuario.php:0
[14-Dec-2016 23:17:16 UTC] PHP Fatal error:  require_once(): Failed opening required 'config/connect.php' (include_path='.:/usr/share/php:/usr/share/pear') in /home/ubuntu/workspace/controllers/Usuario.php on line 2
[14-Dec-2016 23:17:16 UTC] PHP Stack trace:
[14-Dec-2016 23:17:16 UTC] PHP   1. {main}() /home/ubuntu/workspace/controllers/Usuario.php:0
[16-Dec-2016 12:53:55 UTC] PHP Fatal error:  Call to a member function nuevoUsuario() on a non-object in /home/ubuntu/workspace/controllers/registro.php on line 50
[16-Dec-2016 12:53:55 UTC] PHP Stack trace:
[16-Dec-2016 12:53:55 UTC] PHP   1. {main}() /home/ubuntu/workspace/controllers/registro.php:0
[16-Dec-2016 12:54:26 UTC] PHP Fatal error:  Call to a member function nuevoUsuario() on a non-object in /home/ubuntu/workspace/controllers/registro.php on line 50
[16-Dec-2016 12:54:26 UTC] PHP Stack trace:
[16-Dec-2016 12:54:26 UTC] PHP   1. {main}() /home/ubuntu/workspace/controllers/registro.php:0
[16-Dec-2016 12:54:30 UTC] PHP Fatal error:  Call to a member function nuevoUsuario() on a non-object in /home/ubuntu/workspace/controllers/registro.php on line 50
[16-Dec-2016 12:54:30 UTC] PHP Stack trace:
[16-Dec-2016 12:54:30 UTC] PHP   1. {main}() /home/ubuntu/workspace/controllers/registro.php:0
[16-Dec-2016 12:55:49 UTC] PHP Fatal error:  Call to a member function nuevoUsuario() on a non-object in /home/ubuntu/workspace/controllers/registro.php on line 54
[16-Dec-2016 12:55:49 UTC] PHP Stack trace:
[16-Dec-2016 12:55:49 UTC] PHP   1. {main}() /home/ubuntu/workspace/controllers/registro.php:0
[16-Dec-2016 12:56:14 UTC] PHP Fatal error:  Call to a member function nuevoUsuario() on a non-object in /home/ubuntu/workspace/controllers/registro.php on line 54
[16-Dec-2016 12:56:14 UTC] PHP Stack trace:
[16-Dec-2016 12:56:14 UTC] PHP   1. {main}() /home/ubuntu/workspace/controllers/registro.php:0
[16-Dec-2016 12:57:54 UTC] PHP Fatal error:  Call to a member function nuevoUsuario() on a non-object in /home/ubuntu/workspace/controllers/registro.php on line 53
[16-Dec-2016 12:57:54 UTC] PHP Stack trace:
[16-Dec-2016 12:57:54 UTC] PHP   1. {main}() /home/ubuntu/workspace/controllers/registro.php:0
[11-Jan-2017 09:37:11 UTC] PHP Fatal error:  Call to a member function loadFooter() on a non-object in /home/ubuntu/workspace/politicas/avisolegal.php on line 100
[11-Jan-2017 09:37:11 UTC] PHP Stack trace:
[11-Jan-2017 09:37:11 UTC] PHP   1. {main}() /home/ubuntu/workspace/politicas/avisolegal.php:0
[11-Jan-2017 09:41:44 UTC] PHP Fatal error:  Call to a member function loadFooter() on a non-object in /home/ubuntu/workspace/politicas/avisolegal.php on line 100
[11-Jan-2017 09:41:44 UTC] PHP Stack trace:
[11-Jan-2017 09:41:44 UTC] PHP   1. {main}() /home/ubuntu/workspace/politicas/avisolegal.php:0
[11-Jan-2017 09:47:17 UTC] PHP Fatal error:  Call to a member function loadFooter() on a non-object in /home/ubuntu/workspace/politicas/avisolegal.php on line 100
[11-Jan-2017 09:47:17 UTC] PHP Stack trace:
[11-Jan-2017 09:47:17 UTC] PHP   1. {main}() /home/ubuntu/workspace/politicas/avisolegal.php:0
[11-Jan-2017 10:06:08 UTC] PHP Fatal error:  Call to a member function loadFooter() on a non-object in /home/ubuntu/workspace/politicas/politicaprivacidad.php on line 96
[11-Jan-2017 10:06:08 UTC] PHP Stack trace:
[11-Jan-2017 10:06:08 UTC] PHP   1. {main}() /home/ubuntu/workspace/politicas/politicaprivacidad.php:0
[11-Jan-2017 11:07:42 UTC] PHP Fatal error:  Call to a member function loadFooter() on a non-object in /home/ubuntu/workspace/politicas/politicaprivacidad.php on line 96
[11-Jan-2017 11:07:42 UTC] PHP Stack trace:
[11-Jan-2017 11:07:42 UTC] PHP   1. {main}() /home/ubuntu/workspace/politicas/politicaprivacidad.php:0
